<?xml version="1.0" encoding="UTF-8"?>
<!-- Generated by org.testng.reporters.JUnitReportReporter -->
<testsuite skipped="9" hostname="DESKTOP-B75F35K" name="smokeTestIE.ValidateSmokeTest" tests="31" failures="0" timestamp="07 Aug 2018 07:35:13 GMT" time="517.882" errors="0">
  <testcase name="ValidateLogin" time="29.934" classname="smokeTestIE.ValidateSmokeTest"/>
  <testcase name="ValidateFavoriteIcon" time="47.266" classname="smokeTestIE.ValidateSmokeTest"/>
  <testcase name="ValidateSearching" time="22.258" classname="smokeTestIE.ValidateSmokeTest"/>
  <testcase name="ValidatePDPandAddToCart" time="30.600" classname="smokeTestIE.ValidateSmokeTest"/>
  <testcase name="ValidateRecentViewLink" time="24.135" classname="smokeTestIE.ValidateSmokeTest"/>
  <testcase name="ValidateFooterLogo" time="12.832" classname="smokeTestIE.ValidateSmokeTest"/>
  <testcase name="ValidateMyProfNavigation" time="25.043" classname="smokeTestIE.ValidateSmokeTest"/>
  <testcase name="ValidateHeaderLogo" time="12.981" classname="smokeTestIE.ValidateSmokeTest"/>
  <testcase name="ValidateStandardsCatalog" time="10.537" classname="smokeTestIE.ValidateSmokeTest"/>
  <testcase name="ValidateStandardsCatalogDetail" time="20.691" classname="smokeTestIE.ValidateSmokeTest"/>
  <testcase name="ValidateAllProduct" time="14.607" classname="smokeTestIE.ValidateSmokeTest"/>
  <testcase name="ValidateAudioCablesCategory" time="22.779" classname="smokeTestIE.ValidateSmokeTest"/>
  <testcase name="ValidateResources" time="23.034" classname="smokeTestIE.ValidateSmokeTest"/>
  <testcase name="ValidateSpecialOffer" time="18.422" classname="smokeTestIE.ValidateSmokeTest"/>
  <testcase name="ValidateCartPage" time="5.534" classname="smokeTestIE.ValidateSmokeTest"/>
  <testcase name="ValidateCheckoutProcess" time="69.443" classname="smokeTestIE.ValidateSmokeTest"/>
  <testcase name="ValidateTrackpage" time="27.334" classname="smokeTestIE.ValidateSmokeTest"/>
  <testcase name="ValidateordersPage" time="22.951" classname="smokeTestIE.ValidateSmokeTest"/>
  <testcase name="ValidatePurchaseAnalysisPage" time="19.713" classname="smokeTestIE.ValidateSmokeTest"/>
  <testcase name="ValidatePAEmail" time="3.517" classname="smokeTestIE.ValidateSmokeTest"/>
  <testcase name="ValidateCalendarPage" time="25.008" classname="smokeTestIE.ValidateSmokeTest"/>
  <testcase name="ValidateSavedReports" time="29.263" classname="smokeTestIE.ValidateSmokeTest"/>
  <testcase name="ValidateAddTofavorites" classname="smokeTestIE.ValidateSmokeTest">
    <skipped/>
  </testcase> <!-- ValidateAddTofavorites -->
  <testcase name="ValidateAddToCart" classname="smokeTestIE.ValidateSmokeTest">
    <skipped/>
  </testcase> <!-- ValidateAddToCart -->
  <testcase name="ValidateCheckoutFooterLogo" classname="smokeTestIE.ValidateSmokeTest">
    <skipped/>
  </testcase> <!-- ValidateCheckoutFooterLogo -->
  <testcase name="ValidateComparePage" classname="smokeTestIE.ValidateSmokeTest">
    <skipped/>
  </testcase> <!-- ValidateComparePage -->
  <testcase name="ValidateRemoveFromCart" classname="smokeTestIE.ValidateSmokeTest">
    <skipped/>
  </testcase> <!-- ValidateRemoveFromCart -->
  <testcase name="ValidateCalendarLinks" classname="smokeTestIE.ValidateSmokeTest">
    <skipped/>
  </testcase> <!-- ValidateCalendarLinks -->
  <testcase name="ValidateFooterLinks" classname="smokeTestIE.ValidateSmokeTest">
    <skipped/>
  </testcase> <!-- ValidateFooterLinks -->
  <testcase name="ValidateAllReportsLinks" classname="smokeTestIE.ValidateSmokeTest">
    <skipped/>
  </testcase> <!-- ValidateAllReportsLinks -->
  <testcase name="ValidateCheckoutHeaderLogo" classname="smokeTestIE.ValidateSmokeTest">
    <skipped/>
  </testcase> <!-- ValidateCheckoutHeaderLogo -->
</testsuite> <!-- smokeTestIE.ValidateSmokeTest -->
