<?xml version="1.0" encoding="UTF-8"?>
<!-- Generated by org.testng.reporters.JUnitReportReporter -->
<testsuite skipped="9" hostname="DESKTOP-B75F35K" name="smokeTestIE.ValidateSmokeTest" tests="31" failures="0" timestamp="28 May 2018 01:08:18 GMT" time="564.506" errors="0">
  <testcase name="ValidateLogin" time="64.175" classname="smokeTestIE.ValidateSmokeTest"/>
  <testcase name="ValidateFavoriteIcon" time="38.390" classname="smokeTestIE.ValidateSmokeTest"/>
  <testcase name="ValidateSearching" time="21.844" classname="smokeTestIE.ValidateSmokeTest"/>
  <testcase name="ValidatePDPandAddToCart" time="32.535" classname="smokeTestIE.ValidateSmokeTest"/>
  <testcase name="ValidateRecentViewLink" time="26.696" classname="smokeTestIE.ValidateSmokeTest"/>
  <testcase name="ValidateFooterLogo" time="13.641" classname="smokeTestIE.ValidateSmokeTest"/>
  <testcase name="ValidateMyProfNavigation" time="25.703" classname="smokeTestIE.ValidateSmokeTest"/>
  <testcase name="ValidateHeaderLogo" time="10.485" classname="smokeTestIE.ValidateSmokeTest"/>
  <testcase name="ValidateStandardsCatalog" time="11.359" classname="smokeTestIE.ValidateSmokeTest"/>
  <testcase name="ValidateStandardsCatalogDetail" time="22.156" classname="smokeTestIE.ValidateSmokeTest"/>
  <testcase name="ValidateAllProduct" time="19.843" classname="smokeTestIE.ValidateSmokeTest"/>
  <testcase name="ValidateAudioCablesCategory" time="24.206" classname="smokeTestIE.ValidateSmokeTest"/>
  <testcase name="ValidateResources" time="26.073" classname="smokeTestIE.ValidateSmokeTest"/>
  <testcase name="ValidateSpecialOffer" time="18.531" classname="smokeTestIE.ValidateSmokeTest"/>
  <testcase name="ValidateCartPage" time="7.000" classname="smokeTestIE.ValidateSmokeTest"/>
  <testcase name="ValidateCheckoutProcess" time="71.359" classname="smokeTestIE.ValidateSmokeTest"/>
  <testcase name="ValidateTrackpage" time="30.313" classname="smokeTestIE.ValidateSmokeTest"/>
  <testcase name="ValidateordersPage" time="27.245" classname="smokeTestIE.ValidateSmokeTest"/>
  <testcase name="ValidatePurchaseAnalysisPage" time="20.063" classname="smokeTestIE.ValidateSmokeTest"/>
  <testcase name="ValidatePAEmail" time="3.423" classname="smokeTestIE.ValidateSmokeTest"/>
  <testcase name="ValidateCalendarPage" time="22.669" classname="smokeTestIE.ValidateSmokeTest"/>
  <testcase name="ValidateSavedReports" time="26.797" classname="smokeTestIE.ValidateSmokeTest"/>
  <testcase name="ValidateAddTofavorites" classname="smokeTestIE.ValidateSmokeTest">
    <skipped/>
  </testcase> <!-- ValidateAddTofavorites -->
  <testcase name="ValidateAddToCart" classname="smokeTestIE.ValidateSmokeTest">
    <skipped/>
  </testcase> <!-- ValidateAddToCart -->
  <testcase name="ValidateCheckoutFooterLogo" classname="smokeTestIE.ValidateSmokeTest">
    <skipped/>
  </testcase> <!-- ValidateCheckoutFooterLogo -->
  <testcase name="ValidateComparePage" classname="smokeTestIE.ValidateSmokeTest">
    <skipped/>
  </testcase> <!-- ValidateComparePage -->
  <testcase name="ValidateRemoveFromCart" classname="smokeTestIE.ValidateSmokeTest">
    <skipped/>
  </testcase> <!-- ValidateRemoveFromCart -->
  <testcase name="ValidateCalendarLinks" classname="smokeTestIE.ValidateSmokeTest">
    <skipped/>
  </testcase> <!-- ValidateCalendarLinks -->
  <testcase name="ValidateFooterLinks" classname="smokeTestIE.ValidateSmokeTest">
    <skipped/>
  </testcase> <!-- ValidateFooterLinks -->
  <testcase name="ValidateAllReportsLinks" classname="smokeTestIE.ValidateSmokeTest">
    <skipped/>
  </testcase> <!-- ValidateAllReportsLinks -->
  <testcase name="ValidateCheckoutHeaderLogo" classname="smokeTestIE.ValidateSmokeTest">
    <skipped/>
  </testcase> <!-- ValidateCheckoutHeaderLogo -->
</testsuite> <!-- smokeTestIE.ValidateSmokeTest -->
