<?xml version="1.0" encoding="UTF-8"?>
<!-- Generated by org.testng.reporters.JUnitReportReporter -->
<testsuite skipped="8" hostname="DESKTOP-B75F35K" name="smokeTestIE.ValidateSmokeTest" tests="31" failures="0" timestamp="18 May 2018 01:15:59 GMT" time="477.306" errors="0">
  <testcase name="ValidateLogin" time="19.005" classname="smokeTestIE.ValidateSmokeTest"/>
  <testcase name="ValidateFavoriteIcon" time="33.362" classname="smokeTestIE.ValidateSmokeTest"/>
  <testcase name="ValidateSearching" time="21.119" classname="smokeTestIE.ValidateSmokeTest"/>
  <testcase name="ValidatePDPandAddToCart" time="28.977" classname="smokeTestIE.ValidateSmokeTest"/>
  <testcase name="ValidateRecentViewLink" time="24.339" classname="smokeTestIE.ValidateSmokeTest"/>
  <testcase name="ValidateFooterLogo" time="3.135" classname="smokeTestIE.ValidateSmokeTest"/>
  <testcase name="ValidateMyProfNavigation" time="23.944" classname="smokeTestIE.ValidateSmokeTest"/>
  <testcase name="ValidateHeaderLogo" time="10.357" classname="smokeTestIE.ValidateSmokeTest"/>
  <testcase name="ValidateStandardsCatalog" time="10.233" classname="smokeTestIE.ValidateSmokeTest"/>
  <testcase name="ValidateStandardsCatalogDetail" time="20.857" classname="smokeTestIE.ValidateSmokeTest"/>
  <testcase name="ValidateAllProduct" time="12.414" classname="smokeTestIE.ValidateSmokeTest"/>
  <testcase name="ValidateAudioCablesCategory" time="19.501" classname="smokeTestIE.ValidateSmokeTest"/>
  <testcase name="ValidateResources" time="10.423" classname="smokeTestIE.ValidateSmokeTest"/>
  <testcase name="ValidateSpecialOffer" time="14.744" classname="smokeTestIE.ValidateSmokeTest"/>
  <testcase name="ValidateCartPage" time="5.933" classname="smokeTestIE.ValidateSmokeTest"/>
  <testcase name="ValidateCheckoutProcess" time="31.804" classname="smokeTestIE.ValidateSmokeTest"/>
  <testcase name="ValidateFooterLinks" time="84.127" classname="smokeTestIE.ValidateSmokeTest"/>
  <testcase name="ValidateTrackpage" time="20.512" classname="smokeTestIE.ValidateSmokeTest"/>
  <testcase name="ValidateordersPage" time="20.439" classname="smokeTestIE.ValidateSmokeTest"/>
  <testcase name="ValidatePurchaseAnalysisPage" time="15.445" classname="smokeTestIE.ValidateSmokeTest"/>
  <testcase name="ValidatePAEmail" time="2.772" classname="smokeTestIE.ValidateSmokeTest"/>
  <testcase name="ValidateCalendarPage" time="23.458" classname="smokeTestIE.ValidateSmokeTest"/>
  <testcase name="ValidateSavedReports" time="20.406" classname="smokeTestIE.ValidateSmokeTest"/>
  <testcase name="ValidateAddTofavorites" classname="smokeTestIE.ValidateSmokeTest">
    <skipped/>
  </testcase> <!-- ValidateAddTofavorites -->
  <testcase name="ValidateAddToCart" classname="smokeTestIE.ValidateSmokeTest">
    <skipped/>
  </testcase> <!-- ValidateAddToCart -->
  <testcase name="ValidateCheckoutFooterLogo" classname="smokeTestIE.ValidateSmokeTest">
    <skipped/>
  </testcase> <!-- ValidateCheckoutFooterLogo -->
  <testcase name="ValidateComparePage" classname="smokeTestIE.ValidateSmokeTest">
    <skipped/>
  </testcase> <!-- ValidateComparePage -->
  <testcase name="ValidateRemoveFromCart" classname="smokeTestIE.ValidateSmokeTest">
    <skipped/>
  </testcase> <!-- ValidateRemoveFromCart -->
  <testcase name="ValidateCalendarLinks" classname="smokeTestIE.ValidateSmokeTest">
    <skipped/>
  </testcase> <!-- ValidateCalendarLinks -->
  <testcase name="ValidateAllReportsLinks" classname="smokeTestIE.ValidateSmokeTest">
    <skipped/>
  </testcase> <!-- ValidateAllReportsLinks -->
  <testcase name="ValidateCheckoutHeaderLogo" classname="smokeTestIE.ValidateSmokeTest">
    <skipped/>
  </testcase> <!-- ValidateCheckoutHeaderLogo -->
</testsuite> <!-- smokeTestIE.ValidateSmokeTest -->
